<?xml version="1.0" encoding="UTF-8"?>
<testng-results ignored="0" total="1" passed="1" failed="0" skipped="0">
  <reporter-output>
  </reporter-output>
  <suite started-at="2022-09-19T15:59:30 IST" name="Default suite" finished-at="2022-09-19T15:59:38 IST" duration-ms="7648">
    <groups>
    </groups>
    <test started-at="2022-09-19T15:59:30 IST" name="Default test" finished-at="2022-09-19T15:59:38 IST" duration-ms="7648">
      <class name="SignIn">
        <test-method signature="signin()[pri:0, instance:SignIn@49c7b90e]" started-at="2022-09-19T15:59:30 IST" name="signin" finished-at="2022-09-19T15:59:38 IST" duration-ms="7605" status="PASS">
          <reporter-output>
          </reporter-output>
        </test-method> <!-- signin -->
      </class> <!-- SignIn -->
    </test> <!-- Default test -->
  </suite> <!-- Default suite -->
</testng-results>
